{
  "RSpec": {
    "coverage": {
      "/Users/achandak/Pradeep/Buddy-studio/backend/app/models/equipment.rb": {
        "lines": [
          null,
          null,
          1,
          1,
          null,
          null,
          null,
          null,
          1,
          null,
          1,
          1,
          null,
          3,
          null
        ]
      },
      "/Users/achandak/Pradeep/Buddy-studio/backend/app/models/application_record.rb": {
        "lines": [
          1,
          1,
          null
        ]
      },
      "/Users/achandak/Pradeep/Buddy-studio/backend/app/controllers/concerns/jwt_authenticatable.rb": {
        "lines": [
          null,
          null,
          1,
          1,
          null,
          1,
          null,
          1,
          0,
          null,
          null,
          1,
          1,
          104,
          97,
          97,
          97,
          95,
          null,
          2,
          null,
          null,
          null,
          1,
          100,
          100,
          100,
          100,
          100,
          null,
          null,
          1,
          100,
          0,
          null,
          100,
          null,
          null,
          null,
          1,
          251,
          102,
          102,
          102,
          null,
          null,
          94,
          94,
          null,
          93,
          null,
          null,
          1,
          14,
          null,
          null,
          1,
          52,
          51,
          null,
          null,
          1,
          19,
          4,
          null,
          null,
          null,
          1,
          14,
          12,
          null,
          null
        ]
      },
      "/Users/achandak/Pradeep/Buddy-studio/backend/app/mailers/user_mailer.rb": {
        "lines": [
          null,
          null,
          1,
          1,
          null,
          1,
          3,
          3,
          3,
          null,
          null,
          1,
          3,
          3,
          3,
          null,
          null,
          1,
          3,
          3,
          3,
          3,
          null,
          null
        ]
      },
      "/Users/achandak/Pradeep/Buddy-studio/backend/app/mailers/application_mailer.rb": {
        "lines": [
          1,
          1,
          1,
          null
        ]
      },
      "/Users/achandak/Pradeep/Buddy-studio/backend/app/models/appointment.rb": {
        "lines": [
          null,
          null,
          1,
          1,
          null,
          1,
          null,
          1,
          1,
          1,
          1,
          null,
          2,
          null
        ]
      },
      "/Users/achandak/Pradeep/Buddy-studio/backend/app/models/booking.rb": {
        "lines": [
          null,
          null,
          1,
          1,
          null,
          1,
          1,
          1,
          null,
          1,
          1,
          1,
          1,
          1,
          1,
          1,
          1,
          1,
          null,
          4,
          2,
          2,
          2,
          4,
          null,
          1,
          null,
          1,
          47,
          34,
          null,
          null
        ]
      },
      "/Users/achandak/Pradeep/Buddy-studio/backend/app/models/category.rb": {
        "lines": [
          null,
          null,
          1,
          1,
          null,
          1,
          null,
          5,
          5,
          null
        ]
      },
      "/Users/achandak/Pradeep/Buddy-studio/backend/app/models/gallery_item.rb": {
        "lines": [
          null,
          null,
          1,
          1,
          1,
          null,
          1,
          null,
          1,
          1,
          1,
          null,
          10,
          6,
          null
        ]
      },
      "/Users/achandak/Pradeep/Buddy-studio/backend/app/models/notification.rb": {
        "lines": [
          null,
          null,
          1,
          1,
          null,
          1,
          1,
          null,
          6,
          3,
          null,
          1,
          3,
          null,
          null,
          null,
          null,
          null,
          null,
          null,
          1,
          3,
          null,
          null,
          null,
          null,
          null,
          null,
          null,
          1,
          2,
          null,
          null,
          null,
          null,
          null,
          null,
          null,
          1,
          3,
          null,
          null,
          null,
          null,
          null,
          null,
          null
        ]
      },
      "/Users/achandak/Pradeep/Buddy-studio/backend/app/models/package.rb": {
        "lines": [
          null,
          null,
          1,
          1,
          null,
          1,
          1,
          1,
          1,
          1,
          1,
          null,
          1,
          null,
          1,
          1,
          1,
          1,
          null,
          1,
          null,
          18,
          2,
          11,
          null,
          1,
          null,
          1,
          69,
          67,
          null,
          2,
          null,
          null,
          null
        ]
      },
      "/Users/achandak/Pradeep/Buddy-studio/backend/app/models/review.rb": {
        "lines": [
          null,
          null,
          1,
          1,
          null,
          1,
          1,
          1,
          null,
          11,
          4,
          4,
          null
        ]
      },
      "/Users/achandak/Pradeep/Buddy-studio/backend/app/models/user_session.rb": {
        "lines": [
          1,
          1,
          null,
          1,
          null,
          110,
          110,
          null,
          1,
          null,
          109,
          109,
          9,
          9,
          null,
          null,
          109,
          null,
          null,
          1,
          97,
          null,
          null
        ]
      },
      "/Users/achandak/Pradeep/Buddy-studio/backend/app/models/user.rb": {
        "lines": [
          null,
          null,
          1,
          1,
          null,
          1,
          1,
          1,
          1,
          null,
          1,
          1,
          1,
          1,
          null,
          1,
          1,
          1,
          null,
          1,
          1,
          null,
          null,
          1,
          36,
          34,
          33,
          31,
          null,
          null,
          1,
          109,
          null,
          null,
          1,
          297,
          null,
          null,
          1,
          1,
          null,
          null,
          1,
          9,
          9,
          9,
          9,
          null,
          null,
          1,
          2,
          2,
          2,
          null,
          null,
          1,
          1,
          null,
          null,
          1,
          1,
          1,
          null,
          null,
          1,
          17,
          17,
          17,
          17,
          null,
          null,
          1,
          8,
          8,
          8,
          null,
          null,
          1,
          2,
          null,
          null,
          1,
          null,
          1,
          246,
          246,
          null,
          null,
          1,
          279,
          null,
          null
        ]
      },
      "/Users/achandak/Pradeep/Buddy-studio/backend/app/controllers/admin/appointments_controller.rb": {
        "lines": [
          null,
          null,
          1,
          1,
          1,
          null,
          1,
          1,
          1,
          1,
          null,
          null,
          null,
          1,
          1,
          1,
          1,
          null,
          0,
          null,
          null,
          null,
          1,
          null,
          1,
          null,
          2,
          null,
          null,
          null,
          null,
          null,
          null,
          null,
          null,
          null,
          null,
          null
        ]
      },
      "/Users/achandak/Pradeep/Buddy-studio/backend/app/controllers/application_controller.rb": {
        "lines": [
          null,
          null,
          1,
          1,
          null,
          1,
          null,
          1,
          null,
          1,
          150,
          150,
          150,
          null,
          null
        ]
      },
      "/Users/achandak/Pradeep/Buddy-studio/backend/app/controllers/admin/bookings_controller.rb": {
        "lines": [
          null,
          null,
          1,
          1,
          1,
          null,
          1,
          2,
          2,
          4,
          null,
          null,
          1,
          1,
          1,
          1,
          1,
          null,
          0,
          null,
          null,
          null,
          1,
          null,
          1,
          null,
          3,
          null,
          null,
          null,
          null,
          null,
          null,
          null,
          null,
          null,
          null,
          null,
          null,
          null,
          null,
          null,
          null,
          null,
          null
        ]
      },
      "/Users/achandak/Pradeep/Buddy-studio/backend/app/controllers/admin/categories_controller.rb": {
        "lines": [
          null,
          null,
          1,
          1,
          1,
          1,
          null,
          1,
          1,
          2,
          null,
          null,
          1,
          1,
          1,
          1,
          null,
          0,
          null,
          null,
          null,
          1,
          1,
          1,
          null,
          0,
          null,
          null,
          null,
          1,
          1,
          1,
          null,
          null,
          1,
          null,
          1,
          2,
          null,
          null,
          1,
          2,
          null,
          null,
          1,
          null,
          3,
          null,
          null,
          null,
          null,
          null,
          null,
          null
        ]
      },
      "/Users/achandak/Pradeep/Buddy-studio/backend/app/controllers/admin/customers_controller.rb": {
        "lines": [
          null,
          null,
          1,
          1,
          1,
          null,
          null,
          1,
          1,
          1,
          1,
          null,
          null,
          null,
          1,
          null,
          1,
          null,
          1,
          null,
          null,
          null,
          null,
          null,
          null,
          null,
          null,
          null,
          null
        ]
      },
      "/Users/achandak/Pradeep/Buddy-studio/backend/app/controllers/admin/dashboard_controller.rb": {
        "lines": [
          null,
          null,
          1,
          1,
          1,
          null,
          1,
          1,
          null,
          null,
          null,
          null,
          null,
          null,
          null,
          null,
          null,
          null,
          null,
          null,
          null,
          null,
          null,
          null,
          null,
          null,
          null,
          null,
          null,
          null,
          null,
          null,
          null,
          null,
          null,
          null,
          null,
          null,
          null
        ]
      },
      "/Users/achandak/Pradeep/Buddy-studio/backend/app/controllers/admin/equipments_controller.rb": {
        "lines": [
          null,
          null,
          1,
          1,
          1,
          1,
          null,
          1,
          1,
          2,
          null,
          null,
          1,
          1,
          1,
          1,
          null,
          0,
          null,
          null,
          null,
          1,
          1,
          1,
          null,
          0,
          null,
          null,
          null,
          1,
          1,
          1,
          null,
          null,
          1,
          null,
          1,
          2,
          null,
          null,
          1,
          2,
          null,
          null,
          1,
          null,
          3,
          null,
          null,
          null,
          null,
          null,
          null
        ]
      },
      "/Users/achandak/Pradeep/Buddy-studio/backend/app/controllers/admin/gallery_items_controller.rb": {
        "lines": [
          null,
          null,
          1,
          1,
          1,
          1,
          null,
          1,
          2,
          4,
          null,
          null,
          1,
          1,
          1,
          1,
          1,
          null,
          0,
          null,
          null,
          null,
          1,
          1,
          1,
          null,
          0,
          null,
          null,
          null,
          1,
          1,
          1,
          null,
          null,
          1,
          null,
          1,
          2,
          null,
          null,
          1,
          2,
          null,
          null,
          1,
          null,
          4,
          null,
          null,
          null,
          null,
          null,
          null,
          null,
          null
        ]
      },
      "/Users/achandak/Pradeep/Buddy-studio/backend/app/controllers/admin/notifications_controller.rb": {
        "lines": [
          null,
          null,
          1,
          1,
          1,
          null,
          1,
          1,
          1,
          2,
          null,
          null,
          null,
          null,
          1,
          1,
          1,
          1,
          null,
          null,
          1,
          1,
          1,
          null,
          null,
          1,
          null,
          1,
          null,
          2,
          null,
          null,
          null,
          null,
          null,
          null,
          null,
          null,
          null,
          null
        ]
      },
      "/Users/achandak/Pradeep/Buddy-studio/backend/app/controllers/admin/packages_controller.rb": {
        "lines": [
          null,
          null,
          1,
          1,
          1,
          1,
          null,
          1,
          1,
          2,
          null,
          null,
          1,
          1,
          1,
          1,
          null,
          0,
          null,
          null,
          null,
          1,
          1,
          1,
          null,
          0,
          null,
          null,
          null,
          1,
          1,
          1,
          null,
          null,
          1,
          1,
          1,
          null,
          null,
          1,
          1,
          1,
          null,
          null,
          1,
          null,
          1,
          4,
          null,
          null,
          1,
          2,
          null,
          null,
          null,
          null,
          null,
          null,
          1,
          null,
          5,
          null,
          null,
          null,
          null,
          null,
          null,
          null,
          0,
          null,
          null,
          null,
          null,
          1,
          null,
          0,
          null,
          null,
          null,
          null,
          null,
          null,
          null
        ]
      },
      "/Users/achandak/Pradeep/Buddy-studio/backend/app/models/package_item.rb": {
        "lines": [
          null,
          null,
          1,
          1,
          1,
          null,
          1,
          null
        ]
      },
      "/Users/achandak/Pradeep/Buddy-studio/backend/app/controllers/admin/revenue_controller.rb": {
        "lines": [
          null,
          null,
          1,
          1,
          1,
          null,
          1,
          null,
          1,
          10,
          10,
          null,
          10,
          10,
          null,
          10,
          10,
          null,
          10,
          0,
          10,
          0,
          null,
          10,
          null,
          null,
          10,
          null,
          null,
          null,
          null,
          null,
          null,
          null,
          null,
          null,
          null,
          null,
          null,
          null,
          null,
          1,
          null,
          1,
          29,
          29,
          null,
          null,
          1,
          10,
          0,
          null,
          null,
          1,
          10,
          10,
          null,
          1,
          null,
          1,
          null,
          3,
          null,
          1,
          null,
          1,
          null,
          1,
          null,
          1,
          null,
          1,
          null,
          null,
          null,
          1,
          10,
          10,
          null,
          1,
          24,
          24,
          null,
          null,
          8,
          7,
          null,
          null,
          93,
          108,
          null,
          null,
          4,
          3,
          null,
          null,
          7,
          6,
          null,
          null,
          13,
          12,
          null,
          null,
          13,
          12,
          null,
          null,
          1,
          1,
          0,
          0,
          0,
          0,
          null,
          null,
          null,
          null,
          1,
          154,
          null,
          null,
          1,
          10,
          10,
          10,
          null,
          null,
          null,
          null,
          0,
          null,
          null,
          1,
          10,
          10,
          10,
          null,
          0,
          null,
          null,
          null
        ]
      },
      "/Users/achandak/Pradeep/Buddy-studio/backend/app/controllers/admin/reviews_controller.rb": {
        "lines": [
          null,
          null,
          1,
          1,
          1,
          null,
          1,
          1,
          3,
          null,
          null,
          1,
          1,
          1,
          1,
          null,
          0,
          null,
          null,
          null,
          1,
          1,
          1,
          null,
          null,
          1,
          null,
          1,
          null,
          3,
          null,
          null,
          null,
          null,
          null,
          null,
          null,
          null
        ]
      },
      "/Users/achandak/Pradeep/Buddy-studio/backend/app/controllers/admin/staff_controller.rb": {
        "lines": [
          null,
          null,
          1,
          1,
          1,
          null,
          null,
          1,
          1,
          1,
          1,
          null,
          null,
          null,
          null,
          1,
          1,
          1,
          0,
          null,
          null,
          1,
          1,
          null,
          null,
          null,
          1,
          1,
          1,
          0,
          null,
          null,
          1,
          1,
          null,
          null,
          1,
          null,
          1,
          null,
          3,
          null,
          null,
          null,
          null,
          null,
          null,
          null,
          null,
          null,
          null,
          null
        ]
      },
      "/Users/achandak/Pradeep/Buddy-studio/backend/app/controllers/appointments_controller.rb": {
        "lines": [
          null,
          null,
          1,
          1,
          3,
          3,
          2,
          2,
          null,
          null,
          null,
          null,
          null,
          null,
          null,
          1,
          null,
          null,
          null,
          1,
          null,
          1,
          3,
          null,
          null,
          null,
          null,
          null
        ]
      },
      "/Users/achandak/Pradeep/Buddy-studio/backend/app/controllers/auth_controller.rb": {
        "lines": [
          null,
          null,
          1,
          1,
          null,
          null,
          1,
          6,
          6,
          6,
          6,
          null,
          6,
          1,
          null,
          null,
          null,
          5,
          1,
          null,
          null,
          4,
          2,
          0,
          0,
          0,
          0,
          0,
          null,
          null,
          null,
          null,
          null,
          null,
          0,
          null,
          null,
          2,
          2,
          2,
          null,
          null,
          null,
          null,
          null,
          null,
          null,
          null,
          null,
          2,
          null,
          null,
          null,
          null,
          1,
          3,
          3,
          1,
          null,
          null,
          2,
          1,
          null,
          null,
          1,
          1,
          1,
          null,
          null,
          null,
          null,
          null,
          null,
          null,
          1,
          2,
          2,
          1,
          null,
          null,
          1,
          1,
          1,
          null,
          null,
          null,
          1,
          9,
          9,
          2,
          null,
          null,
          7,
          1,
          null,
          null,
          null,
          null,
          null,
          null,
          6,
          6,
          6,
          null,
          null,
          null,
          null,
          null,
          null,
          null,
          1,
          3,
          1,
          null,
          null,
          null,
          1,
          2,
          2,
          2,
          1,
          null,
          2,
          null,
          null,
          1,
          null,
          1,
          6,
          null,
          null,
          1,
          null,
          8,
          null,
          null,
          null,
          null,
          null,
          null,
          null,
          null,
          null,
          null,
          null,
          1,
          1,
          null,
          null
        ]
      },
      "/Users/achandak/Pradeep/Buddy-studio/backend/app/controllers/bookings_controller.rb": {
        "lines": [
          null,
          null,
          1,
          1,
          null,
          1,
          4,
          3,
          3,
          null,
          3,
          2,
          2,
          null,
          1,
          null,
          null,
          null,
          1,
          1,
          2,
          null,
          null,
          1,
          5,
          5,
          1,
          1,
          null,
          4,
          1,
          1,
          null,
          3,
          1,
          1,
          null,
          2,
          2,
          2,
          1,
          1,
          null,
          1,
          1,
          1,
          null,
          null,
          null,
          null,
          1,
          1,
          null,
          null,
          null,
          null,
          null,
          null,
          0,
          null,
          null,
          1,
          2,
          2,
          0,
          0,
          null,
          2,
          2,
          2,
          2,
          0,
          0,
          null,
          2,
          0,
          0,
          null,
          2,
          0,
          0,
          null,
          2,
          2,
          null,
          null,
          null,
          null,
          1,
          1,
          null,
          1,
          null,
          0,
          null,
          null,
          1,
          null,
          1,
          3,
          null,
          null,
          null,
          null,
          null,
          null,
          1,
          null,
          5,
          null,
          null,
          null,
          null,
          null,
          null,
          null,
          null,
          null,
          null,
          null,
          null,
          null,
          null,
          null,
          null,
          null
        ]
      },
      "/Users/achandak/Pradeep/Buddy-studio/backend/app/controllers/categories_controller.rb": {
        "lines": [
          null,
          null,
          1,
          1,
          2,
          2,
          null,
          null,
          3,
          null,
          null,
          null,
          null,
          null,
          null,
          null
        ]
      },
      "/Users/achandak/Pradeep/Buddy-studio/backend/app/controllers/gallery_items_controller.rb": {
        "lines": [
          null,
          null,
          1,
          1,
          3,
          3,
          3,
          5,
          null,
          null,
          null,
          null,
          1,
          null,
          1,
          null,
          5,
          null,
          null,
          null,
          null,
          null
        ]
      },
      "/Users/achandak/Pradeep/Buddy-studio/backend/app/controllers/packages_controller.rb": {
        "lines": [
          null,
          null,
          1,
          1,
          2,
          2,
          2,
          null,
          2,
          2,
          null,
          null,
          null,
          1,
          2,
          1,
          null,
          1,
          null,
          null,
          1,
          null,
          1,
          null,
          2,
          null,
          null,
          null,
          null,
          null,
          null,
          null,
          1,
          null,
          1,
          null,
          null,
          null,
          null,
          null,
          0,
          null,
          null,
          null,
          null,
          null,
          null,
          null
        ]
      },
      "/Users/achandak/Pradeep/Buddy-studio/backend/app/controllers/password_resets_controller.rb": {
        "lines": [
          null,
          null,
          1,
          null,
          1,
          2,
          null,
          2,
          1,
          null,
          null,
          1,
          1,
          null,
          1,
          null,
          null,
          null,
          1,
          3,
          null,
          3,
          1,
          null,
          null,
          2,
          1,
          null,
          null,
          1,
          null,
          null,
          null,
          1,
          4,
          null,
          4,
          0,
          null,
          null,
          4,
          1,
          null,
          null,
          3,
          1,
          null,
          null,
          2,
          1,
          null,
          null,
          1,
          1,
          null,
          1,
          1,
          1,
          null,
          0,
          null,
          null,
          null
        ]
      },
      "/Users/achandak/Pradeep/Buddy-studio/backend/app/controllers/profile_controller.rb": {
        "lines": [
          null,
          null,
          1,
          1,
          1,
          null,
          null,
          1,
          1,
          null,
          null,
          null,
          1,
          1,
          1,
          null,
          0,
          null,
          null,
          null,
          null,
          1,
          3,
          1,
          null,
          null,
          2,
          2,
          2,
          1,
          null,
          null,
          1,
          0,
          null,
          null,
          1,
          1,
          2,
          null,
          1,
          1,
          0,
          0,
          null,
          null,
          1,
          1,
          null,
          1,
          null,
          null,
          null,
          1,
          4,
          4,
          0,
          null,
          null,
          4,
          0,
          null,
          null,
          4,
          1,
          null,
          null,
          3,
          3,
          3,
          null,
          3,
          null,
          null,
          null,
          1,
          2,
          1,
          null,
          null,
          1,
          1,
          0,
          null,
          null,
          1,
          1,
          1,
          null,
          1,
          0,
          0,
          null,
          null,
          null,
          null,
          null,
          1,
          null,
          null,
          null,
          1,
          null,
          1,
          1,
          null,
          null,
          1,
          null,
          4,
          null,
          null,
          null,
          null,
          null,
          null,
          null,
          null,
          null,
          null,
          null
        ]
      },
      "/Users/achandak/Pradeep/Buddy-studio/backend/app/controllers/reviews_controller.rb": {
        "lines": [
          null,
          null,
          1,
          1,
          2,
          2,
          2,
          2,
          2,
          null,
          null,
          null,
          null,
          null,
          1,
          3,
          3,
          2,
          2,
          null,
          1,
          null,
          null,
          null,
          1,
          null,
          1,
          3,
          null,
          null,
          1,
          null,
          2,
          null,
          null,
          null,
          null
        ]
      },
      "/Users/achandak/Pradeep/Buddy-studio/backend/app/controllers/staff/equipments_controller.rb": {
        "lines": [
          null,
          null,
          1,
          1,
          1,
          1,
          null,
          1,
          2,
          4,
          null,
          null,
          1,
          2,
          2,
          1,
          null,
          1,
          null,
          null,
          null,
          1,
          1,
          1,
          null,
          0,
          null,
          null,
          null,
          1,
          null,
          1,
          1,
          null,
          null,
          1,
          3,
          null,
          null,
          1,
          null,
          4,
          null,
          null,
          null,
          null,
          null,
          null
        ]
      },
      "/Users/achandak/Pradeep/Buddy-studio/backend/app/controllers/staff/packages_controller.rb": {
        "lines": [
          null,
          null,
          1,
          1,
          1,
          1,
          null,
          1,
          1,
          2,
          null,
          null,
          1,
          2,
          2,
          2,
          2,
          2,
          null,
          0,
          null,
          null,
          null,
          1,
          1,
          1,
          1,
          1,
          1,
          null,
          0,
          null,
          null,
          null,
          1,
          1,
          1,
          null,
          null,
          1,
          null,
          1,
          2,
          null,
          null,
          1,
          3,
          null,
          null,
          null,
          null,
          null,
          null,
          1,
          2,
          null,
          null,
          1,
          null,
          4,
          null,
          null,
          null,
          null,
          null,
          null,
          0,
          null,
          null,
          null,
          null,
          1,
          null,
          0,
          null,
          null,
          null,
          null,
          null,
          null,
          null
        ]
      }
    },
    "timestamp": 1780483344
  }
}
